<?xml version="1.0" encoding="UTF-8"?>
<testsuites>
  <testsuite errors="0" failures="0" tests="3" skipped="0" name="D:.fredgrttsstuff.GithubProjects.flutter_devops.basic_testing.test.counter" timestamp="2021-08-18T23:14:33">
    <properties>
      <property name="platform" value="vm"/>
    </properties>
    <testcase classname="D:.fredgrttsstuff.GithubProjects.flutter_devops.basic_testing.test.counter" name="Counter Initial counter value is 0" time="4.304"/>
    <testcase classname="D:.fredgrttsstuff.GithubProjects.flutter_devops.basic_testing.test.counter" name="Counter Tap the Plus icon increments the counter" time="0.314"/>
    <testcase classname="D:.fredgrttsstuff.GithubProjects.flutter_devops.basic_testing.test.counter" name="Counter Primary swatch color is blue" time="0.607"/>
    <system-out>Warning: A tag was used that wasn't specified in dart_test.yaml.
  golden was used in the test "Counter Primary swatch color is blue"
</system-out>
  </testsuite>
  <testsuite errors="0" failures="0" tests="2" skipped="0" name="D:.fredgrttsstuff.GithubProjects.flutter_devops.basic_testing.test.golden_widget" timestamp="2021-08-18T23:14:33">
    <properties>
      <property name="platform" value="vm"/>
    </properties>
    <testcase classname="D:.fredgrttsstuff.GithubProjects.flutter_devops.basic_testing.test.golden_widget" name="Basic Golden Tests  Golden test" time="4.315"/>
    <testcase classname="D:.fredgrttsstuff.GithubProjects.flutter_devops.basic_testing.test.golden_widget" name="Basic Golden Tests  DeviceBuilder " time="0.826"/>
    <system-out>Warning: A tag was used that wasn't specified in dart_test.yaml.
  golden was used in the test "Basic Golden Tests  DeviceBuilder "
</system-out>
  </testsuite>
  <testsuite errors="2" failures="0" tests="3" skipped="0" name="D:.fredgrttsstuff.GithubProjects.flutter_devops.basic_testing.test.my_home_page" timestamp="2021-08-18T23:14:33">
    <properties>
      <property name="platform" value="vm"/>
    </properties>
    <testcase classname="D:.fredgrttsstuff.GithubProjects.flutter_devops.basic_testing.test.my_home_page" name="Has MyApp and App Title  My home widget has a title and message, using PageObject" time="3.907">
      <error message="1 error, see stacktrace for details">Error:\n\nTest failed. See exception logs above.
The test description was: My home widget has a title and message, using PageObject</error>
      <system-out>????????? EXCEPTION CAUGHT BY FLUTTER TEST FRAMEWORK ???????????????????????????????????????????????????????????????????????????????????????????????????????????????????????????????????????????????????????????????
The following TestFailure object was thrown running a test:
  Expected: (exactly one matching node in the widget tree and Text data 'Basic Testing')
  Actual: _DescendantFinder:&lt;zero widgets with key [&lt;'Basic Testing'>] that has ancestor(s) with
type "MyHomePage" that has ancestor(s) with type "MyApp" (ignoring offstage widgets)>
   Which: means none were found but one was expected

When the exception was thrown, this was the stack:
#4      main.&lt;anonymous closure>.&lt;anonymous closure> (file:///D:/fredgrttsstuff/GithubProjects/flutter_devops/basic_testing/test/my_home_page_test.dart:33:7)
&lt;asynchronous suspension>
&lt;asynchronous suspension>
(elided one frame from package:stack_trace)

This was caught by the test expectation on the following line:
  file:///D:/fredgrttsstuff/GithubProjects/flutter_devops/basic_testing/test/my_home_page_test.dart line 33
The test description was:
  My home widget has a title and message, using PageObject
????????????????????????????????????????????????????????????????????????????????????????????????????????????????????????????????????????????????????????????????????????????????????????????????????????????????????????????????????????????????????????????????????????????????????????????????????????????</system-out>
    </testcase>
    <testcase classname="D:.fredgrttsstuff.GithubProjects.flutter_devops.basic_testing.test.my_home_page" name="Has MyApp and App Title  Has user Message  My home widget  message, using PageObject" time="0.319">
      <error message="1 error, see stacktrace for details">Error:\n\nTest failed. See exception logs above.
The test description was: My home widget  message, using PageObject</error>
      <system-out>????????? EXCEPTION CAUGHT BY FLUTTER TEST FRAMEWORK ???????????????????????????????????????????????????????????????????????????????????????????????????????????????????????????????????????????????????????????????
The following TestFailure object was thrown running a test:
  Expected: (exactly one matching node in the widget tree and Text data 'You have pushed the button
this many times:')
  Actual: _DescendantFinder:&lt;zero widgets with key [&lt;'You have pushed the button this many times:'>]
that has ancestor(s) with type "MyHomePage" that has ancestor(s) with type "MyApp" (ignoring
offstage widgets)>
   Which: means none were found but one was expected

When the exception was thrown, this was the stack:
#4      main.&lt;anonymous closure>.&lt;anonymous closure>.&lt;anonymous closure> (file:///D:/fredgrttsstuff/GithubProjects/flutter_devops/basic_testing/test/my_home_page_test.dart:42:9)
&lt;asynchronous suspension>
&lt;asynchronous suspension>
(elided one frame from package:stack_trace)

This was caught by the test expectation on the following line:
  file:///D:/fredgrttsstuff/GithubProjects/flutter_devops/basic_testing/test/my_home_page_test.dart line 42
The test description was:
  My home widget  message, using PageObject
????????????????????????????????????????????????????????????????????????????????????????????????????????????????????????????????????????????????????????????????????????????????????????????????????????????????????????????????????????????????????????????????????????????????????????????????????????????</system-out>
    </testcase>
    <testcase classname="D:.fredgrttsstuff.GithubProjects.flutter_devops.basic_testing.test.my_home_page" name="Has MyApp and App Title  Has user Message  User pressed add and counter changes  Ensure that when user taps add, it increments text number to one" time="0.292"/>
  </testsuite>
</testsuites>